<?xml version="1.0" encoding="UTF-8"?>
<!-- Generated by org.testng.reporters.JUnitXMLReporter -->
<testsuite hostname="N12275D1" name="AccountCase" tests="5" failures="0" timestamp="5 Mar 2018 02:57:56 GMT" time="115.687" errors="0">
  <testcase name="testLoginEmail" time="13.084" classname="cn.testcase.AccountCase"/>
  <testcase name="testLoginErrorPassword" time="18.705" classname="cn.testcase.AccountCase"/>
  <testcase name="testLoginErrorSioeyeId" time="17.669" classname="cn.testcase.AccountCase"/>
  <testcase name="testLoginPhone" time="22.832" classname="cn.testcase.AccountCase"/>
  <testcase name="testLoginSuccessBySioeyeId" time="11.06" classname="cn.testcase.AccountCase"/>
</testsuite> <!-- AccountCase -->
